<?xml version="1.0" encoding="UTF-8"?>
<testsuite xmlns:xsi="http://www.w3.org/2001/XMLSchema-instance" xsi:noNamespaceSchemaLocation="https://maven.apache.org/surefire/maven-surefire-plugin/xsd/surefire-test-report-3.0.xsd" version="3.0" name="UC03_DailyMissionViewTest" time="146.284" tests="20" errors="0" skipped="0" failures="0">
  <properties>
[...]
</properties>
  <testcase name="testDailyMissionFrmHasTitleLabel" classname="UC03_DailyMissionViewTest" time="14.894">
    <system-out><![CDATA[Chưa kết nối được CSDL (Có thể thiếu thư viện mssql-jdbc.jar hoặc sai pass sa): The connection to the host localhost, named instance MSSQLSERVER02 failed. Error: "java.net.SocketTimeoutException: Receive timed out". Verify the server and instance names and check that no firewall is blocking UDP traffic to port 1434. For SQL Server 2005 or later, verify that the SQL Server Browser Service is running on the host.
]]></system-out>
  </testcase>
  <testcase name="testProgressLessThanTarget_NotClaimable" classname="UC03_DailyMissionViewTest" time="0.0"/>
  <testcase name="testMissionCardNotCompleted_ShowsInProgress" classname="UC03_DailyMissionViewTest" time="0.0"/>
  <testcase name="testDailyMissionFrmLayoutIsBorderLayout" classname="UC03_DailyMissionViewTest" time="14.534">
    <system-out><![CDATA[Chưa kết nối được CSDL (Có thể thiếu thư viện mssql-jdbc.jar hoặc sai pass sa): The connection to the host localhost, named instance MSSQLSERVER02 failed. Error: "java.net.SocketTimeoutException: Receive timed out". Verify the server and instance names and check that no firewall is blocking UDP traffic to port 1434. For SQL Server 2005 or later, verify that the SQL Server Browser Service is running on the host.
]]></system-out>
  </testcase>
  <testcase name="testTitleLabelFontIsBold" classname="UC03_DailyMissionViewTest" time="14.545">
    <system-out><![CDATA[Chưa kết nối được CSDL (Có thể thiếu thư viện mssql-jdbc.jar hoặc sai pass sa): The connection to the host localhost, named instance MSSQLSERVER02 failed. Error: "java.net.SocketTimeoutException: Receive timed out". Verify the server and instance names and check that no firewall is blocking UDP traffic to port 1434. For SQL Server 2005 or later, verify that the SQL Server Browser Service is running on the host.
]]></system-out>
  </testcase>
  <testcase name="testTitleLabelFontSize" classname="UC03_DailyMissionViewTest" time="14.66">
    <system-out><![CDATA[Chưa kết nối được CSDL (Có thể thiếu thư viện mssql-jdbc.jar hoặc sai pass sa): The connection to the host localhost, named instance MSSQLSERVER02 failed. Error: "java.net.SocketTimeoutException: Receive timed out". Verify the server and instance names and check that no firewall is blocking UDP traffic to port 1434. For SQL Server 2005 or later, verify that the SQL Server Browser Service is running on the host.
]]></system-out>
  </testcase>
  <testcase name="testTitleLabelAlignmentIsCenter" classname="UC03_DailyMissionViewTest" time="14.634">
    <system-out><![CDATA[Chưa kết nối được CSDL (Có thể thiếu thư viện mssql-jdbc.jar hoặc sai pass sa): The connection to the host localhost, named instance MSSQLSERVER02 failed. Error: "java.net.SocketTimeoutException: Receive timed out". Verify the server and instance names and check that no firewall is blocking UDP traffic to port 1434. For SQL Server 2005 or later, verify that the SQL Server Browser Service is running on the host.
]]></system-out>
  </testcase>
  <testcase name="testDailyMissionFrmIsJPanel" classname="UC03_DailyMissionViewTest" time="14.675">
    <system-out><![CDATA[Chưa kết nối được CSDL (Có thể thiếu thư viện mssql-jdbc.jar hoặc sai pass sa): The connection to the host localhost, named instance MSSQLSERVER02 failed. Error: "java.net.SocketTimeoutException: Receive timed out". Verify the server and instance names and check that no firewall is blocking UDP traffic to port 1434. For SQL Server 2005 or later, verify that the SQL Server Browser Service is running on the host.
]]></system-out>
  </testcase>
  <testcase name="testDailyMissionFrmHasComponents" classname="UC03_DailyMissionViewTest" time="14.656">
    <system-out><![CDATA[Chưa kết nối được CSDL (Có thể thiếu thư viện mssql-jdbc.jar hoặc sai pass sa): The connection to the host localhost, named instance MSSQLSERVER02 failed. Error: "java.net.SocketTimeoutException: Receive timed out". Verify the server and instance names and check that no firewall is blocking UDP traffic to port 1434. For SQL Server 2005 or later, verify that the SQL Server Browser Service is running on the host.
]]></system-out>
  </testcase>
  <testcase name="testProgressLabelFormat" classname="UC03_DailyMissionViewTest" time="0.0"/>
  <testcase name="testDailyMissionFrmBackgroundIsWhite" classname="UC03_DailyMissionViewTest" time="14.605">
    <system-out><![CDATA[Chưa kết nối được CSDL (Có thể thiếu thư viện mssql-jdbc.jar hoặc sai pass sa): The connection to the host localhost, named instance MSSQLSERVER02 failed. Error: "java.net.SocketTimeoutException: Receive timed out". Verify the server and instance names and check that no firewall is blocking UDP traffic to port 1434. For SQL Server 2005 or later, verify that the SQL Server Browser Service is running on the host.
]]></system-out>
  </testcase>
  <testcase name="testMissionCardCompleted_IsClaimable" classname="UC03_DailyMissionViewTest" time="0.0"/>
  <testcase name="testFallbackMission1TitleNotEmpty" classname="UC03_DailyMissionViewTest" time="0.0"/>
  <testcase name="testDailyMissionFrmInstantiation" classname="UC03_DailyMissionViewTest" time="14.534">
    <system-out><![CDATA[Chưa kết nối được CSDL (Có thể thiếu thư viện mssql-jdbc.jar hoặc sai pass sa): The connection to the host localhost, named instance MSSQLSERVER02 failed. Error: "java.net.SocketTimeoutException: Receive timed out". Verify the server and instance names and check that no firewall is blocking UDP traffic to port 1434. For SQL Server 2005 or later, verify that the SQL Server Browser Service is running on the host.
]]></system-out>
  </testcase>
  <testcase name="testMissionTitleNumbering" classname="UC03_DailyMissionViewTest" time="0.0"/>
  <testcase name="testFallbackMission1IsNotClaimable" classname="UC03_DailyMissionViewTest" time="0.0"/>
  <testcase name="testZeroTargetIsClaimable" classname="UC03_DailyMissionViewTest" time="0.0"/>
  <testcase name="testRewardLabelFormat" classname="UC03_DailyMissionViewTest" time="0.0"/>
  <testcase name="testDailyMissionFrmHasCenterPanel" classname="UC03_DailyMissionViewTest" time="14.538">
    <system-out><![CDATA[Chưa kết nối được CSDL (Có thể thiếu thư viện mssql-jdbc.jar hoặc sai pass sa): The connection to the host localhost, named instance MSSQLSERVER02 failed. Error: "java.net.SocketTimeoutException: Receive timed out". Verify the server and instance names and check that no firewall is blocking UDP traffic to port 1434. For SQL Server 2005 or later, verify that the SQL Server Browser Service is running on the host.
]]></system-out>
  </testcase>
  <testcase name="testFallbackMission2IsClaimable" classname="UC03_DailyMissionViewTest" time="0.0"/>
</testsuite>