<?xml version="1.0" encoding="UTF-8"?>
<testsuite xmlns:xsi="http://www.w3.org/2001/XMLSchema-instance" xsi:noNamespaceSchemaLocation="https://maven.apache.org/surefire/maven-surefire-plugin/xsd/surefire-test-report-3.0.xsd" version="3.0" name="UC04_AlphabetTest" time="0.003" tests="20" errors="0" skipped="0" failures="0">
  <properties>
[...]
</properties>
  <testcase name="testEmptyCharacter" classname="UC04_AlphabetTest" time="0.0"/>
  <testcase name="testSetAndGetExampleWord" classname="UC04_AlphabetTest" time="0.0"/>
  <testcase name="testNullExampleWord" classname="UC04_AlphabetTest" time="0.0"/>
  <testcase name="testVowelLetters" classname="UC04_AlphabetTest" time="0.0"/>
  <testcase name="testLowercaseCharacter" classname="UC04_AlphabetTest" time="0.0"/>
  <testcase name="testNullExampleAudioURL" classname="UC04_AlphabetTest" time="0.0"/>
  <testcase name="testDifferentLettersHaveDifferentCharacters" classname="UC04_AlphabetTest" time="0.0"/>
  <testcase name="testSetAndGetExampleAudioURL" classname="UC04_AlphabetTest" time="0.0"/>
  <testcase name="testSetAndGetType" classname="UC04_AlphabetTest" time="0.0"/>
  <testcase name="testAudioURLContainsMp3Extension" classname="UC04_AlphabetTest" time="0.0"/>
  <testcase name="testSetAndGetId" classname="UC04_AlphabetTest" time="0.0"/>
  <testcase name="testConstructorWithParams" classname="UC04_AlphabetTest" time="0.0"/>
  <testcase name="testNullCharacter" classname="UC04_AlphabetTest" time="0.0"/>
  <testcase name="testSetAndGetAudioURL" classname="UC04_AlphabetTest" time="0.0"/>
  <testcase name="testSetAndGetCharacter" classname="UC04_AlphabetTest" time="0.0"/>
  <testcase name="testTypeIsConsonant" classname="UC04_AlphabetTest" time="0.0"/>
  <testcase name="testExampleWordNotEmpty" classname="UC04_AlphabetTest" time="0.0"/>
  <testcase name="testNullAudioURL" classname="UC04_AlphabetTest" time="0.0"/>
  <testcase name="testDefaultConstructor" classname="UC04_AlphabetTest" time="0.0"/>
  <testcase name="testTypeIsVowel" classname="UC04_AlphabetTest" time="0.0"/>
</testsuite>